<?xml version="1.0" encoding="UTF-8"?>
<coverage generated="1632022409587" clover="3.2.0">
  <project timestamp="1632022409587" name="All files">
    <metrics statements="31" coveredstatements="29" conditionals="16" coveredconditionals="13" methods="3" coveredmethods="3" elements="50" coveredelements="45" complexity="0" loc="31" ncloc="31" packages="1" files="1" classes="1"/>
    <file name="Main.js" path="C:\Users\vladi\OneDrive\Tendencia de desarrollo\KataISBN\Main.js">
      <metrics statements="31" coveredstatements="29" conditionals="16" coveredconditionals="13" methods="3" coveredmethods="3"/>
      <line num="7" count="1" type="stmt"/>
      <line num="8" count="1" type="stmt"/>
      <line num="9" count="1" type="stmt"/>
      <line num="10" count="1" type="stmt"/>
      <line num="11" count="1" type="stmt"/>
      <line num="12" count="1" type="stmt"/>
      <line num="13" count="1" type="stmt"/>
      <line num="15" count="10" type="stmt"/>
      <line num="16" count="10" type="stmt"/>
      <line num="17" count="10" type="stmt"/>
      <line num="20" count="1" type="cond" truecount="1" falsecount="1"/>
      <line num="21" count="1" type="stmt"/>
      <line num="23" count="0" type="stmt"/>
      <line num="27" count="1" type="stmt"/>
      <line num="28" count="1" type="stmt"/>
      <line num="29" count="1" type="stmt"/>
      <line num="32" count="1" type="stmt"/>
      <line num="36" count="1" type="cond" truecount="1" falsecount="1"/>
      <line num="37" count="1" type="stmt"/>
      <line num="39" count="0" type="stmt"/>
      <line num="44" count="5" type="cond" truecount="4" falsecount="0"/>
      <line num="45" count="1" type="stmt"/>
      <line num="46" count="4" type="cond" truecount="4" falsecount="0"/>
      <line num="47" count="2" type="stmt"/>
      <line num="49" count="2" type="stmt"/>
      <line num="50" count="2" type="stmt"/>
      <line num="51" count="2" type="cond" truecount="2" falsecount="0"/>
      <line num="53" count="1" type="stmt"/>
      <line num="54" count="1" type="cond" truecount="1" falsecount="1"/>
      <line num="55" count="1" type="stmt"/>
      <line num="61" count="1" type="stmt"/>
    </file>
  </project>
</coverage>
