{"C:\\Users\\vladi\\OneDrive\\Tendencia de desarrollo\\KataISBN\\Main.js": {"path":"C:\\Users\\vladi\\OneDrive\\Tendencia de desarrollo\\KataISBN\\Main.js","statementMap":{"0":{"start":{"line":7,"column":27},"end":{"line":25,"column":1}},"1":{"start":{"line":8,"column":18},"end":{"line":8,"column":48}},"2":{"start":{"line":9,"column":20},"end":{"line":9,"column":38}},"3":{"start":{"line":10,"column":4},"end":{"line":10,"column":22}},"4":{"start":{"line":11,"column":16},"end":{"line":11,"column":17}},"5":{"start":{"line":12,"column":14},"end":{"line":12,"column":15}},"6":{"start":{"line":13,"column":4},"end":{"line":18,"column":5}},"7":{"start":{"line":13,"column":16},"end":{"line":13,"column":17}},"8":{"start":{"line":15,"column":30},"end":{"line":15,"column":46}},"9":{"start":{"line":16,"column":8},"end":{"line":16,"column":29}},"10":{"start":{"line":17,"column":8},"end":{"line":17,"column":17}},"11":{"start":{"line":20,"column":4},"end":{"line":24,"column":5}},"12":{"start":{"line":21,"column":8},"end":{"line":21,"column":37}},"13":{"start":{"line":23,"column":8},"end":{"line":23,"column":37}},"14":{"start":{"line":27,"column":27},"end":{"line":41,"column":1}},"15":{"start":{"line":28,"column":18},"end":{"line":28,"column":48}},"16":{"start":{"line":29,"column":20},"end":{"line":29,"column":38}},"17":{"start":{"line":32,"column":8},"end":{"line":34,"column":23}},"18":{"start":{"line":36,"column":4},"end":{"line":40,"column":5}},"19":{"start":{"line":37,"column":8},"end":{"line":37,"column":37}},"20":{"start":{"line":39,"column":8},"end":{"line":39,"column":37}},"21":{"start":{"line":44,"column":4},"end":{"line":46,"column":5}},"22":{"start":{"line":45,"column":8},"end":{"line":45,"column":41}},"23":{"start":{"line":46,"column":5},"end":{"line":48,"column":5}},"24":{"start":{"line":47,"column":8},"end":{"line":47,"column":19}},"25":{"start":{"line":49,"column":18},"end":{"line":49,"column":40}},"26":{"start":{"line":50,"column":23},"end":{"line":50,"column":36}},"27":{"start":{"line":51,"column":4},"end":{"line":56,"column":5}},"28":{"start":{"line":53,"column":8},"end":{"line":53,"column":42}},"29":{"start":{"line":54,"column":10},"end":{"line":56,"column":5}},"30":{"start":{"line":55,"column":8},"end":{"line":55,"column":42}},"31":{"start":{"line":61,"column":0},"end":{"line":61,"column":28}}},"fnMap":{"0":{"name":"(anonymous_0)","decl":{"start":{"line":7,"column":27},"end":{"line":7,"column":28}},"loc":{"start":{"line":7,"column":43},"end":{"line":25,"column":1}},"line":7},"1":{"name":"(anonymous_1)","decl":{"start":{"line":27,"column":27},"end":{"line":27,"column":28}},"loc":{"start":{"line":27,"column":44},"end":{"line":41,"column":1}},"line":27},"2":{"name":"Validation","decl":{"start":{"line":43,"column":9},"end":{"line":43,"column":19}},"loc":{"start":{"line":43,"column":26},"end":{"line":57,"column":1}},"line":43}},"branchMap":{"0":{"loc":{"start":{"line":20,"column":4},"end":{"line":24,"column":5}},"type":"if","locations":[{"start":{"line":20,"column":4},"end":{"line":24,"column":5}},{"start":{"line":20,"column":4},"end":{"line":24,"column":5}}],"line":20},"1":{"loc":{"start":{"line":36,"column":4},"end":{"line":40,"column":5}},"type":"if","locations":[{"start":{"line":36,"column":4},"end":{"line":40,"column":5}},{"start":{"line":36,"column":4},"end":{"line":40,"column":5}}],"line":36},"2":{"loc":{"start":{"line":44,"column":4},"end":{"line":46,"column":5}},"type":"if","locations":[{"start":{"line":44,"column":4},"end":{"line":46,"column":5}},{"start":{"line":44,"column":4},"end":{"line":46,"column":5}}],"line":44},"3":{"loc":{"start":{"line":44,"column":8},"end":{"line":44,"column":29}},"type":"binary-expr","locations":[{"start":{"line":44,"column":8},"end":{"line":44,"column":20}},{"start":{"line":44,"column":24},"end":{"line":44,"column":29}}],"line":44},"4":{"loc":{"start":{"line":46,"column":5},"end":{"line":48,"column":5}},"type":"if","locations":[{"start":{"line":46,"column":5},"end":{"line":48,"column":5}},{"start":{"line":46,"column":5},"end":{"line":48,"column":5}}],"line":46},"5":{"loc":{"start":{"line":46,"column":8},"end":{"line":46,"column":35}},"type":"binary-expr","locations":[{"start":{"line":46,"column":8},"end":{"line":46,"column":19}},{"start":{"line":46,"column":23},"end":{"line":46,"column":35}}],"line":46},"6":{"loc":{"start":{"line":51,"column":4},"end":{"line":56,"column":5}},"type":"if","locations":[{"start":{"line":51,"column":4},"end":{"line":56,"column":5}},{"start":{"line":51,"column":4},"end":{"line":56,"column":5}}],"line":51},"7":{"loc":{"start":{"line":54,"column":10},"end":{"line":56,"column":5}},"type":"if","locations":[{"start":{"line":54,"column":10},"end":{"line":56,"column":5}},{"start":{"line":54,"column":10},"end":{"line":56,"column":5}}],"line":54}},"s":{"0":1,"1":1,"2":1,"3":1,"4":1,"5":1,"6":1,"7":1,"8":10,"9":10,"10":10,"11":1,"12":1,"13":0,"14":1,"15":1,"16":1,"17":1,"18":1,"19":1,"20":0,"21":5,"22":1,"23":4,"24":2,"25":2,"26":2,"27":2,"28":1,"29":1,"30":1,"31":1},"f":{"0":1,"1":1,"2":5},"b":{"0":[1,0],"1":[1,0],"2":[1,4],"3":[5,4],"4":[2,2],"5":[4,3],"6":[1,1],"7":[1,0]},"_coverageSchema":"1a1c01bbd47fc00a2c39e90264f33305004495a9","hash":"296f037e6c4621ba31704f8f909f86fe6c89a248"}
}
