TN:
SF:Main.js
FN:7,(anonymous_0)
FN:27,(anonymous_1)
FN:43,Validation
FNF:3
FNH:3
FNDA:1,(anonymous_0)
FNDA:1,(anonymous_1)
FNDA:5,Validation
DA:7,1
DA:8,1
DA:9,1
DA:10,1
DA:11,1
DA:12,1
DA:13,1
DA:15,10
DA:16,10
DA:17,10
DA:20,1
DA:21,1
DA:23,0
DA:27,1
DA:28,1
DA:29,1
DA:32,1
DA:36,1
DA:37,1
DA:39,0
DA:44,5
DA:45,1
DA:46,4
DA:47,2
DA:49,2
DA:50,2
DA:51,2
DA:53,1
DA:54,1
DA:55,1
DA:61,1
LF:31
LH:29
BRDA:20,0,0,1
BRDA:20,0,1,0
BRDA:36,1,0,1
BRDA:36,1,1,0
BRDA:44,2,0,1
BRDA:44,2,1,4
BRDA:44,3,0,5
BRDA:44,3,1,4
BRDA:46,4,0,2
BRDA:46,4,1,2
BRDA:46,5,0,4
BRDA:46,5,1,3
BRDA:51,6,0,1
BRDA:51,6,1,1
BRDA:54,7,0,1
BRDA:54,7,1,0
BRF:16
BRH:13
end_of_record
